d:\course-work\build\game_module.dir\debug\vc143.pdb
d:\course-work\build\game_module.dir\debug\game_module.obj
d:\course-work\build\game_module.dir\debug\game.obj
d:\course-work\build\cmakefiles\generate.stamp
d:\course-work\build\debug\game_module.cp310-win_amd64.pyd
d:\course-work\build\debug\game_module.pdb
d:\course-work\build\debug\game_module.lib
d:\course-work\build\debug\game_module.exp
d:\course-work\build\game_module.dir\debug\game_module.cp310-win_amd64.ilk
d:\course-work\build\game_module.dir\debug\game_module.tlog\cl.command.1.tlog
d:\course-work\build\game_module.dir\debug\game_module.tlog\cl.items.tlog
d:\course-work\build\game_module.dir\debug\game_module.tlog\cl.read.1.tlog
d:\course-work\build\game_module.dir\debug\game_module.tlog\cl.write.1.tlog
d:\course-work\build\game_module.dir\debug\game_module.tlog\custombuild.command.1.tlog
d:\course-work\build\game_module.dir\debug\game_module.tlog\custombuild.read.1.tlog
d:\course-work\build\game_module.dir\debug\game_module.tlog\custombuild.write.1.tlog
d:\course-work\build\game_module.dir\debug\game_module.tlog\link.command.1.tlog
d:\course-work\build\game_module.dir\debug\game_module.tlog\link.read.1.tlog
d:\course-work\build\game_module.dir\debug\game_module.tlog\link.secondary.1.tlog
d:\course-work\build\game_module.dir\debug\game_module.tlog\link.write.1.tlog
